

*******************************************************************************
Tue Oct 18 17:38:37 2022


FIT:    data read from '52.txt'
        format = z
        #datapoints = 11
        residuals are weighted equally (unit weight)

function used for fitting: f(x)
	f(x) = a * (1/x)**b
fitted parameters initialized with current variable values

iter      chisq       delta/lim  lambda   a             b            
   0 7.0634483848e-02   0.00e+00  1.27e-01    1.000000e+00   1.000000e+00
 214 2.3246471425e-12  -2.64e-01  1.27e-09    2.338970e+00   4.782613e+00

After 214 iterations the fit converged.
final sum of squares of residuals : 2.32465e-12
rel. change during last iteration : -2.6435e-06

degrees of freedom    (FIT_NDF)                        : 9
rms of residuals      (FIT_STDFIT) = sqrt(WSSR/ndf)    : 5.08226e-07
variance of residuals (reduced chisquare) = WSSR/ndf   : 2.58294e-13

Final set of parameters            Asymptotic Standard Error
=======================            ==========================
a               = 2.33897          +/- 0.03638      (1.555%)
b               = 4.78261          +/- 0.009671     (0.2022%)

correlation matrix of the fit parameters:
                a      b      
a               1.000 
b               1.000  1.000 
