


*******************************************************************************
Mon Nov 14 14:14:17 2022


FIT:    data read from 'dump_C.txt' using 1:3
        format = x:z
        #datapoints = 89
        residuals are weighted equally (unit weight)

function used for fitting: f(x)
	f(x)=a
fitted parameters initialized with current variable values

iter      chisq       delta/lim  lambda   a            
   0 1.9339494829e+02   0.00e+00  1.50e+00    1.499079e+00
   3 3.7581615220e-04  -8.02e-02  1.50e-03    2.497834e-02

After 3 iterations the fit converged.
final sum of squares of residuals : 0.000375816
rel. change during last iteration : -8.01874e-07

degrees of freedom    (FIT_NDF)                        : 88
rms of residuals      (FIT_STDFIT) = sqrt(WSSR/ndf)    : 0.00206655
variance of residuals (reduced chisquare) = WSSR/ndf   : 4.27064e-06

Final set of parameters            Asymptotic Standard Error
=======================            ==========================
a               = 0.0249783        +/- 0.0002191    (0.877%)


*******************************************************************************
Mon Nov 14 14:19:14 2022


FIT:    data read from 'dump_C.txt' using 1:2
        format = x:z
        #datapoints = 89
        residuals are weighted equally (unit weight)

function used for fitting: f(x)
	f(x)=a
fitted parameters initialized with current variable values

iter      chisq       delta/lim  lambda   a            
   0 2.1485485287e+02   0.00e+00  2.50e-02    2.497834e-02
   3 2.1460280397e+01  -1.40e-06  2.50e-05    1.499079e+00

After 3 iterations the fit converged.
final sum of squares of residuals : 21.4603
rel. change during last iteration : -1.40426e-11

degrees of freedom    (FIT_NDF)                        : 88
rms of residuals      (FIT_STDFIT) = sqrt(WSSR/ndf)    : 0.493829
variance of residuals (reduced chisquare) = WSSR/ndf   : 0.243867

Final set of parameters            Asymptotic Standard Error
=======================            ==========================
a               = 1.49908          +/- 0.05235      (3.492%)
